Build started 2013/1/28 下午 01:17:12.
     1>Project "C:\ChihChung\Kinect\PCLTest\PCLTest\FindContour\Tools\Tools.vcxproj" on node 2 (build target(s)).
     1>InitializeBuildStatus:
         Creating "x64\Release\Tools.unsuccessfulbuild" because "AlwaysCreate" was specified.
       ClCompile:
         All outputs are up-to-date.
         c:\Program Files (x86)\Microsoft Visual Studio 10.0\VC\bin\x86_amd64\CL.exe /c /IC:\OpenCV\build\include /Zi /nologo /W3 /WX- /O2 /Oi /GL /D WIN32 /D NDEBUG /D _CONSOLE /D _UNICODE /D UNICODE /Gm- /EHsc /MD /GS /Gy /fp:precise /Zc:wchar_t /Zc:forScope /Fo"x64\Release\\" /Fd"x64\Release\vc100.pdb" /Gd /TP /errorReport:prompt FindContour.cpp Tools.cpp
         FindContour.cpp
         Tools.cpp
     1>Tools.cpp(17): warning C4101: 'img_idx' : unreferenced local variable
     1>Tools.cpp(18): warning C4101: 'img_num' : unreferenced local variable
     1>Tools.cpp(18): warning C4101: 'img_num2' : unreferenced local variable
     1>Tools.cpp(16): warning C4101: 'folder_name' : unreferenced local variable
       Link:
         c:\Program Files (x86)\Microsoft Visual Studio 10.0\VC\bin\x86_amd64\link.exe /ERRORREPORT:PROMPT /OUT:"C:\ChihChung\Kinect\PCLTest\PCLTest\x64\Release\Tools.exe" /INCREMENTAL:NO /NOLOGO /LIBPATH:C:\OpenCV\build\x64\vc10\lib opencv_core242.lib opencv_calib3d242.lib opencv_contrib242.lib opencv_features2d242.lib opencv_nonfree242.lib opencv_highgui242.lib opencv_imgproc242.lib opencv_video242.lib opencv_legacy242.lib kernel32.lib user32.lib gdi32.lib winspool.lib comdlg32.lib advapi32.lib shell32.lib ole32.lib oleaut32.lib uuid.lib odbc32.lib odbccp32.lib /MANIFEST /ManifestFile:"x64\Release\Tools.exe.intermediate.manifest" /MANIFESTUAC:"level='asInvoker' uiAccess='false'" /DEBUG /PDB:"C:\ChihChung\Kinect\PCLTest\PCLTest\x64\Release\Tools.pdb" /SUBSYSTEM:CONSOLE /OPT:REF /OPT:ICF /LTCG /TLBID:1 /DYNAMICBASE /NXCOMPAT /IMPLIB:"C:\ChihChung\Kinect\PCLTest\PCLTest\x64\Release\Tools.lib" /MACHINE:X64 x64\Release\FindContour.obj
         x64\Release\stdafx.obj
         x64\Release\Tools.obj
         Generating code
         Finished generating code
         Tools.vcxproj -> C:\ChihChung\Kinect\PCLTest\PCLTest\x64\Release\Tools.exe
       Manifest:
         C:\Program Files (x86)\Microsoft SDKs\Windows\v7.0A\bin\mt.exe /nologo /verbose /outputresource:"C:\ChihChung\Kinect\PCLTest\PCLTest\x64\Release\Tools.exe;#1" /manifest x64\Release\Tools.exe.intermediate.manifest
       FinalizeBuildStatus:
         Deleting file "x64\Release\Tools.unsuccessfulbuild".
         Touching "x64\Release\Tools.lastbuildstate".
     1>Done Building Project "C:\ChihChung\Kinect\PCLTest\PCLTest\FindContour\Tools\Tools.vcxproj" (build target(s)).

Build succeeded.

Time Elapsed 00:00:03.53
