C:\ChihChung\Kinect\PCLTest\PCLTest\PCL_Geometry\x64\Release\cl.command.1.tlog
C:\ChihChung\Kinect\PCLTest\PCLTest\PCL_Geometry\x64\Release\CL.read.1.tlog
C:\ChihChung\Kinect\PCLTest\PCLTest\PCL_Geometry\x64\Release\CL.write.1.tlog
C:\ChihChung\Kinect\PCLTest\PCLTest\PCL_Geometry\x64\Release\link.command.1.tlog
C:\ChihChung\Kinect\PCLTest\PCLTest\PCL_Geometry\x64\Release\link.read.1.tlog
C:\ChihChung\Kinect\PCLTest\PCLTest\PCL_Geometry\x64\Release\link.write.1.tlog
C:\ChihChung\Kinect\PCLTest\PCLTest\PCL_Geometry\x64\Release\mt.command.1.tlog
C:\ChihChung\Kinect\PCLTest\PCLTest\PCL_Geometry\x64\Release\mt.read.1.tlog
C:\ChihChung\Kinect\PCLTest\PCLTest\PCL_Geometry\x64\Release\mt.write.1.tlog
C:\CHIHCHUNG\KINECT\PCLTEST\PCLTEST\PCL_GEOMETRY\X64\RELEASE\PCL_GEOMETRY.EXE.INTERMEDIATE.MANIFEST
C:\CHIHCHUNG\KINECT\PCLTEST\PCLTEST\PCL_GEOMETRY\X64\RELEASE\PCL_GEOMETRY.OBJ
C:\CHIHCHUNG\KINECT\PCLTEST\PCLTEST\PCL_GEOMETRY\X64\RELEASE\PCL_GEOMETRY.PCH
C:\CHIHCHUNG\KINECT\PCLTEST\PCLTEST\PCL_GEOMETRY\X64\RELEASE\PCLFROMKINECT.OBJ
C:\CHIHCHUNG\KINECT\PCLTEST\PCLTEST\PCL_GEOMETRY\X64\RELEASE\PNP_LOCALIZATION.OBJ
C:\CHIHCHUNG\KINECT\PCLTEST\PCLTEST\PCL_GEOMETRY\X64\RELEASE\RGBD_ODOMETRY.OBJ
C:\CHIHCHUNG\KINECT\PCLTEST\PCLTEST\PCL_GEOMETRY\X64\RELEASE\ROBUSTMATCHER.OBJ
C:\CHIHCHUNG\KINECT\PCLTEST\PCLTEST\PCL_GEOMETRY\X64\RELEASE\STDAFX.OBJ
C:\CHIHCHUNG\KINECT\PCLTEST\PCLTEST\PCL_GEOMETRY\X64\RELEASE\VC100.PDB
C:\CHIHCHUNG\KINECT\PCLTEST\PCLTEST\X64\RELEASE\PCL_GEOMETRY.EXE
C:\CHIHCHUNG\KINECT\PCLTEST\PCLTEST\X64\RELEASE\PCL_GEOMETRY.PDB
